# JRE version: OpenJDK Runtime Environment (11.0.10) (build 11.0.10+0-b96-7249189)
# Java VM: OpenJDK 64-Bit Server VM (11.0.10+0-b96-7249189, mixed mode, tiered, compressed oops, g1 gc, windows-amd64)
Heap:
 garbage-first heap   total 250880K, used 169049K [0x0000000080000000, 0x0000000100000000)
  region size 1024K, 2 young (2048K), 2 survivors (2048K)
 Metaspace       used 146270K, capacity 150860K, committed 151244K, reserved 1179648K
  class space    used 18366K, capacity 20020K, committed 20172K, reserved 1048576K
GC Heap History (20 events):
Event: 3924.183 GC heap after
{Heap after GC invocations=149 (full 0):
 garbage-first heap   total 208896K, used 160029K [0x0000000080000000, 0x0000000100000000)
  region size 1024K, 3 young (3072K), 3 survivors (3072K)
 Metaspace       used 146110K, capacity 150783K, committed 150988K, reserved 1179648K
  class space    used 18361K, capacity 20016K, committed 20172K, reserved 1048576K
}
Event: 3924.313 GC heap before
{Heap before GC invocations=149 (full 0):
 garbage-first heap   total 208896K, used 167197K [0x0000000080000000, 0x0000000100000000)
  region size 1024K, 10 young (10240K), 3 survivors (3072K)
 Metaspace       used 146115K, capacity 150786K, committed 150988K, reserved 1179648K
  class space    used 18362K, capacity 20017K, committed 20172K, reserved 1048576K
}
Event: 3924.323 GC heap after
{Heap after GC invocations=150 (full 0):
 garbage-first heap   total 208896K, used 161792K [0x0000000080000000, 0x0000000100000000)
  region size 1024K, 2 young (2048K), 2 survivors (2048K)
 Metaspace       used 146115K, capacity 150786K, committed 150988K, reserved 1179648K
  class space    used 18362K, capacity 20017K, committed 20172K, reserved 1048576K
}
Event: 3924.556 GC heap before
{Heap before GC invocations=150 (full 0):
 garbage-first heap   total 208896K, used 166912K [0x0000000080000000, 0x0000000100000000)
  region size 1024K, 9 young (9216K), 2 survivors (2048K)
 Metaspace       used 146168K, capacity 150786K, committed 150988K, reserved 1179648K
  class space    used 18363K, capacity 20017K, committed 20172K, reserved 1048576K
}
Event: 3924.563 GC heap after
{Heap after GC invocations=151 (full 0):
 garbage-first heap   total 208896K, used 162667K [0x0000000080000000, 0x0000000100000000)
  region size 1024K, 2 young (2048K), 2 survivors (2048K)
 Metaspace       used 146168K, capacity 150786K, committed 150988K, reserved 1179648K
  class space    used 18363K, capacity 20017K, committed 20172K, reserved 1048576K
}
Event: 3925.158 GC heap before
{Heap before GC invocations=152 (full 0):
 garbage-first heap   total 208896K, used 182123K [0x0000000080000000, 0x0000000100000000)
  region size 1024K, 14 young (14336K), 2 survivors (2048K)
 Metaspace       used 146189K, capacity 150850K, committed 151244K, reserved 1179648K
  class space    used 18363K, capacity 20017K, committed 20172K, reserved 1048576K
}
Event: 3925.166 GC heap after
{Heap after GC invocations=153 (full 0):
 garbage-first heap   total 208896K, used 163780K [0x0000000080000000, 0x0000000100000000)
  region size 1024K, 2 young (2048K), 2 survivors (2048K)
 Metaspace       used 146189K, capacity 150850K, committed 151244K, reserved 1179648K
  class space    used 18363K, capacity 20017K, committed 20172K, reserved 1048576K
}
Event: 3925.370 GC heap before
{Heap before GC invocations=153 (full 0):
 garbage-first heap   total 208896K, used 171972K [0x0000000080000000, 0x0000000100000000)
  region size 1024K, 10 young (10240K), 2 survivors (2048K)
 Metaspace       used 146198K, capacity 150850K, committed 151244K, reserved 1179648K
  class space    used 18363K, capacity 20017K, committed 20172K, reserved 1048576K
}
Event: 3925.377 GC heap after
{Heap after GC invocations=154 (full 0):
 garbage-first heap   total 208896K, used 164029K [0x0000000080000000, 0x0000000100000000)
  region size 1024K, 2 young (2048K), 2 survivors (2048K)
 Metaspace       used 146198K, capacity 150850K, committed 151244K, reserved 1179648K
  class space    used 18363K, capacity 20017K, committed 20172K, reserved 1048576K
}
Event: 3925.656 GC heap before
{Heap before GC invocations=154 (full 0):
 garbage-first heap   total 208896K, used 177341K [0x0000000080000000, 0x0000000100000000)
  region size 1024K, 15 young (15360K), 2 survivors (2048K)
 Metaspace       used 146247K, capacity 150854K, committed 151244K, reserved 1179648K
  class space    used 18365K, capacity 20018K, committed 20172K, reserved 1048576K
}
Event: 3925.663 GC heap after
{Heap after GC invocations=155 (full 0):
 garbage-first heap   total 208896K, used 165223K [0x0000000080000000, 0x0000000100000000)
  region size 1024K, 1 young (1024K), 1 survivors (1024K)
 Metaspace       used 146247K, capacity 150854K, committed 151244K, reserved 1179648K
  class space    used 18365K, capacity 20018K, committed 20172K, reserved 1048576K
}
Event: 3925.916 GC heap before
{Heap before GC invocations=155 (full 0):
 garbage-first heap   total 208896K, used 178535K [0x0000000080000000, 0x0000000100000000)
  region size 1024K, 14 young (14336K), 1 survivors (1024K)
 Metaspace       used 146253K, capacity 150854K, committed 151244K, reserved 1179648K
  class space    used 18365K, capacity 20018K, committed 20172K, reserved 1048576K
}
Event: 3925.919 GC heap after
{Heap after GC invocations=156 (full 0):
 garbage-first heap   total 208896K, used 165117K [0x0000000080000000, 0x0000000100000000)
  region size 1024K, 1 young (1024K), 1 survivors (1024K)
 Metaspace       used 146253K, capacity 150854K, committed 151244K, reserved 1179648K
  class space    used 18365K, capacity 20018K, committed 20172K, reserved 1048576K
}
Event: 3926.106 GC heap before
{Heap before GC invocations=156 (full 0):
 garbage-first heap   total 208896K, used 179453K [0x0000000080000000, 0x0000000100000000)
  region size 1024K, 15 young (15360K), 1 survivors (1024K)
 Metaspace       used 146256K, capacity 150854K, committed 151244K, reserved 1179648K
  class space    used 18365K, capacity 20018K, committed 20172K, reserved 1048576K
}
Event: 3926.109 GC heap after
{Heap after GC invocations=157 (full 0):
 garbage-first heap   total 208896K, used 165077K [0x0000000080000000, 0x0000000100000000)
  region size 1024K, 1 young (1024K), 1 survivors (1024K)
 Metaspace       used 146256K, capacity 150854K, committed 151244K, reserved 1179648K
  class space    used 18365K, capacity 20018K, committed 20172K, reserved 1048576K
}
Event: 3926.240 GC heap before
{Heap before GC invocations=158 (full 0):
 garbage-first heap   total 208896K, used 179413K [0x0000000080000000, 0x0000000100000000)
  region size 1024K, 15 young (15360K), 1 survivors (1024K)
 Metaspace       used 146256K, capacity 150854K, committed 151244K, reserved 1179648K
  class space    used 18365K, capacity 20018K, committed 20172K, reserved 1048576K
}
Event: 3926.243 GC heap after
{Heap after GC invocations=159 (full 0):
 garbage-first heap   total 208896K, used 165131K [0x0000000080000000, 0x0000000100000000)
  region size 1024K, 1 young (1024K), 1 survivors (1024K)
 Metaspace       used 146256K, capacity 150854K, committed 151244K, reserved 1179648K
  class space    used 18365K, capacity 20018K, committed 20172K, reserved 1048576K
}
Event: 3926.330 GC heap before
{Heap before GC invocations=159 (full 0):
 garbage-first heap   total 208896K, used 174347K [0x0000000080000000, 0x0000000100000000)
  region size 1024K, 10 young (10240K), 1 survivors (1024K)
 Metaspace       used 146260K, capacity 150854K, committed 151244K, reserved 1179648K
  class space    used 18365K, capacity 20018K, committed 20172K, reserved 1048576K
}
Event: 3926.337 GC heap after
{Heap after GC invocations=160 (full 0):
 garbage-first heap   total 208896K, used 164354K [0x0000000080000000, 0x0000000100000000)
  region size 1024K, 1 young (1024K), 1 survivors (1024K)
 Metaspace       used 146260K, capacity 150854K, committed 151244K, reserved 1179648K
  class space    used 18365K, capacity 20018K, committed 20172K, reserved 1048576K
}
Event: 3926.640 GC heap before
{Heap before GC invocations=160 (full 0):
 garbage-first heap   total 208896K, used 172546K [0x0000000080000000, 0x0000000100000000)
  region size 1024K, 11 young (11264K), 1 survivors (1024K)
 Metaspace       used 146270K, capacity 150860K, committed 151244K, reserved 1179648K
  class space    used 18366K, capacity 20020K, committed 20172K, reserved 1048576K
}

