# JRE version: OpenJDK Runtime Environment (11.0.10) (build 11.0.10+0-b96-7249189)
# Java VM: OpenJDK 64-Bit Server VM (11.0.10+0-b96-7249189, mixed mode, tiered, compressed oops, g1 gc, windows-amd64)
Heap:
 garbage-first heap   total 155648K, used 80047K [0x0000000080000000, 0x0000000100000000)
  region size 1024K, 4 young (4096K), 4 survivors (4096K)
 Metaspace       used 71823K, capacity 73750K, committed 73984K, reserved 1114112K
  class space    used 9253K, capacity 9916K, committed 9984K, reserved 1048576K
GC Heap History (20 events):
Event: 10.802 GC heap after
{Heap after GC invocations=9 (full 0):
 garbage-first heap   total 129024K, used 38998K [0x0000000080000000, 0x0000000100000000)
  region size 1024K, 8 young (8192K), 8 survivors (8192K)
 Metaspace       used 40410K, capacity 41404K, committed 41472K, reserved 1085440K
  class space    used 5192K, capacity 5571K, committed 5632K, reserved 1048576K
}
Event: 11.779 GC heap before
{Heap before GC invocations=10 (full 0):
 garbage-first heap   total 129024K, used 101462K [0x0000000080000000, 0x0000000100000000)
  region size 1024K, 61 young (62464K), 8 survivors (8192K)
 Metaspace       used 44395K, capacity 45658K, committed 45824K, reserved 1089536K
  class space    used 5596K, capacity 6045K, committed 6144K, reserved 1048576K
}
Event: 11.791 GC heap after
{Heap after GC invocations=11 (full 0):
 garbage-first heap   total 129024K, used 51207K [0x0000000080000000, 0x0000000100000000)
  region size 1024K, 8 young (8192K), 8 survivors (8192K)
 Metaspace       used 44395K, capacity 45658K, committed 45824K, reserved 1089536K
  class space    used 5596K, capacity 6045K, committed 6144K, reserved 1048576K
}
Event: 12.512 GC heap before
{Heap before GC invocations=11 (full 0):
 garbage-first heap   total 129024K, used 97287K [0x0000000080000000, 0x0000000100000000)
  region size 1024K, 53 young (54272K), 8 survivors (8192K)
 Metaspace       used 46710K, capacity 47956K, committed 48256K, reserved 1091584K
  class space    used 5962K, capacity 6405K, committed 6528K, reserved 1048576K
}
Event: 12.525 GC heap after
{Heap after GC invocations=12 (full 0):
 garbage-first heap   total 129024K, used 55020K [0x0000000080000000, 0x0000000100000000)
  region size 1024K, 4 young (4096K), 4 survivors (4096K)
 Metaspace       used 46710K, capacity 47956K, committed 48256K, reserved 1091584K
  class space    used 5962K, capacity 6405K, committed 6528K, reserved 1048576K
}
Event: 13.884 GC heap before
{Heap before GC invocations=12 (full 0):
 garbage-first heap   total 129024K, used 100076K [0x0000000080000000, 0x0000000100000000)
  region size 1024K, 48 young (49152K), 4 survivors (4096K)
 Metaspace       used 49459K, capacity 50839K, committed 50944K, reserved 1093632K
  class space    used 6333K, capacity 6826K, committed 6912K, reserved 1048576K
}
Event: 13.893 GC heap after
{Heap after GC invocations=13 (full 0):
 garbage-first heap   total 129024K, used 56730K [0x0000000080000000, 0x0000000100000000)
  region size 1024K, 6 young (6144K), 6 survivors (6144K)
 Metaspace       used 49459K, capacity 50839K, committed 50944K, reserved 1093632K
  class space    used 6333K, capacity 6826K, committed 6912K, reserved 1048576K
}
Event: 15.292 GC heap before
{Heap before GC invocations=13 (full 0):
 garbage-first heap   total 129024K, used 104858K [0x0000000080000000, 0x0000000100000000)
  region size 1024K, 50 young (51200K), 6 survivors (6144K)
 Metaspace       used 53181K, capacity 54758K, committed 54912K, reserved 1097728K
  class space    used 6798K, capacity 7293K, committed 7296K, reserved 1048576K
}
Event: 15.302 GC heap after
{Heap after GC invocations=14 (full 0):
 garbage-first heap   total 129024K, used 67123K [0x0000000080000000, 0x0000000100000000)
  region size 1024K, 7 young (7168K), 7 survivors (7168K)
 Metaspace       used 53181K, capacity 54758K, committed 54912K, reserved 1097728K
  class space    used 6798K, capacity 7293K, committed 7296K, reserved 1048576K
}
Event: 16.333 GC heap before
{Heap before GC invocations=14 (full 0):
 garbage-first heap   total 129024K, used 102963K [0x0000000080000000, 0x0000000100000000)
  region size 1024K, 42 young (43008K), 7 survivors (7168K)
 Metaspace       used 58949K, capacity 60622K, committed 60800K, reserved 1101824K
  class space    used 7443K, capacity 8009K, committed 8064K, reserved 1048576K
}
Event: 16.350 GC heap after
{Heap after GC invocations=15 (full 0):
 garbage-first heap   total 129024K, used 69250K [0x0000000080000000, 0x0000000100000000)
  region size 1024K, 2 young (2048K), 2 survivors (2048K)
 Metaspace       used 58949K, capacity 60622K, committed 60800K, reserved 1101824K
  class space    used 7443K, capacity 8009K, committed 8064K, reserved 1048576K
}
Event: 17.231 GC heap before
{Heap before GC invocations=16 (full 0):
 garbage-first heap   total 129024K, used 103042K [0x0000000080000000, 0x0000000100000000)
  region size 1024K, 36 young (36864K), 2 survivors (2048K)
 Metaspace       used 63004K, capacity 64781K, committed 65024K, reserved 1105920K
  class space    used 7972K, capacity 8585K, committed 8704K, reserved 1048576K
}
Event: 17.238 GC heap after
{Heap after GC invocations=17 (full 0):
 garbage-first heap   total 129024K, used 72219K [0x0000000080000000, 0x0000000100000000)
  region size 1024K, 5 young (5120K), 5 survivors (5120K)
 Metaspace       used 63004K, capacity 64781K, committed 65024K, reserved 1105920K
  class space    used 7972K, capacity 8585K, committed 8704K, reserved 1048576K
}
Event: 17.729 GC heap before
{Heap before GC invocations=17 (full 0):
 garbage-first heap   total 129024K, used 93723K [0x0000000080000000, 0x0000000100000000)
  region size 1024K, 27 young (27648K), 5 survivors (5120K)
 Metaspace       used 65260K, capacity 67059K, committed 67328K, reserved 1107968K
  class space    used 8260K, capacity 8890K, committed 8960K, reserved 1048576K
}
Event: 17.739 GC heap after
{Heap after GC invocations=18 (full 0):
 garbage-first heap   total 129024K, used 74185K [0x0000000080000000, 0x0000000100000000)
  region size 1024K, 2 young (2048K), 2 survivors (2048K)
 Metaspace       used 65260K, capacity 67059K, committed 67328K, reserved 1107968K
  class space    used 8260K, capacity 8890K, committed 8960K, reserved 1048576K
}
Event: 18.289 GC heap before
{Heap before GC invocations=19 (full 0):
 garbage-first heap   total 129024K, used 104905K [0x0000000080000000, 0x0000000100000000)
  region size 1024K, 31 young (31744K), 2 survivors (2048K)
 Metaspace       used 66236K, capacity 68112K, committed 68224K, reserved 1107968K
  class space    used 8402K, capacity 9021K, committed 9088K, reserved 1048576K
}
Event: 18.298 GC heap after
{Heap after GC invocations=20 (full 0):
 garbage-first heap   total 129024K, used 76410K [0x0000000080000000, 0x0000000100000000)
  region size 1024K, 4 young (4096K), 4 survivors (4096K)
 Metaspace       used 66236K, capacity 68112K, committed 68224K, reserved 1107968K
  class space    used 8402K, capacity 9021K, committed 9088K, reserved 1048576K
}
Event: 18.974 GC heap before
{Heap before GC invocations=20 (full 0):
 garbage-first heap   total 129024K, used 105082K [0x0000000080000000, 0x0000000100000000)
  region size 1024K, 32 young (32768K), 4 survivors (4096K)
 Metaspace       used 68666K, capacity 70557K, committed 70656K, reserved 1110016K
  class space    used 8752K, capacity 9408K, committed 9472K, reserved 1048576K
}
Event: 18.993 GC heap after
{Heap after GC invocations=21 (full 0):
 garbage-first heap   total 129024K, used 78338K [0x0000000080000000, 0x0000000100000000)
  region size 1024K, 2 young (2048K), 2 survivors (2048K)
 Metaspace       used 68666K, capacity 70557K, committed 70656K, reserved 1110016K
  class space    used 8752K, capacity 9408K, committed 9472K, reserved 1048576K
}
Event: 19.943 GC heap before
{Heap before GC invocations=22 (full 0):
 garbage-first heap   total 129024K, used 105986K [0x0000000080000000, 0x0000000100000000)
  region size 1024K, 29 young (29696K), 2 survivors (2048K)
 Metaspace       used 71823K, capacity 73750K, committed 73984K, reserved 1114112K
  class space    used 9253K, capacity 9916K, committed 9984K, reserved 1048576K
}

