# JRE version: OpenJDK Runtime Environment (11.0.10) (build 11.0.10+0-b96-7249189)
# Java VM: OpenJDK 64-Bit Server VM (11.0.10+0-b96-7249189, mixed mode, tiered, compressed oops, g1 gc, windows-amd64)
Heap:
 garbage-first heap   total 225280K, used 146756K [0x0000000080000000, 0x0000000100000000)
  region size 1024K, 32 young (32768K), 2 survivors (2048K)
 Metaspace       used 116033K, capacity 119586K, committed 119756K, reserved 1153024K
  class space    used 14907K, capacity 16287K, committed 16332K, reserved 1048576K
GC Heap History (20 events):
Event: 19.227 GC heap before
{Heap before GC invocations=25 (full 0):
 garbage-first heap   total 225280K, used 171753K [0x0000000080000000, 0x0000000100000000)
  region size 1024K, 71 young (72704K), 6 survivors (6144K)
 Metaspace       used 89230K, capacity 91370K, committed 91724K, reserved 1128448K
  class space    used 11189K, capacity 11936K, committed 12108K, reserved 1048576K
}
Event: 19.238 GC heap after
{Heap after GC invocations=26 (full 0):
 garbage-first heap   total 225280K, used 109059K [0x0000000080000000, 0x0000000100000000)
  region size 1024K, 7 young (7168K), 7 survivors (7168K)
 Metaspace       used 89230K, capacity 91370K, committed 91724K, reserved 1128448K
  class space    used 11189K, capacity 11936K, committed 12108K, reserved 1048576K
}
Event: 19.905 GC heap before
{Heap before GC invocations=26 (full 0):
 garbage-first heap   total 225280K, used 173571K [0x0000000080000000, 0x0000000100000000)
  region size 1024K, 71 young (72704K), 7 survivors (7168K)
 Metaspace       used 90672K, capacity 92921K, committed 93132K, reserved 1130496K
  class space    used 11350K, capacity 12114K, committed 12236K, reserved 1048576K
}
Event: 19.913 GC heap after
{Heap after GC invocations=27 (full 0):
 garbage-first heap   total 225280K, used 108605K [0x0000000080000000, 0x0000000100000000)
  region size 1024K, 4 young (4096K), 4 survivors (4096K)
 Metaspace       used 90672K, capacity 92921K, committed 93132K, reserved 1130496K
  class space    used 11350K, capacity 12114K, committed 12236K, reserved 1048576K
}
Event: 20.634 GC heap before
{Heap before GC invocations=28 (full 0):
 garbage-first heap   total 225280K, used 159805K [0x0000000080000000, 0x0000000100000000)
  region size 1024K, 70 young (71680K), 4 survivors (4096K)
 Metaspace       used 91344K, capacity 93667K, committed 93900K, reserved 1130496K
  class space    used 11401K, capacity 12194K, committed 12236K, reserved 1048576K
}
Event: 20.645 GC heap after
{Heap after GC invocations=29 (full 0):
 garbage-first heap   total 225280K, used 100638K [0x0000000080000000, 0x0000000100000000)
  region size 1024K, 9 young (9216K), 9 survivors (9216K)
 Metaspace       used 91344K, capacity 93667K, committed 93900K, reserved 1130496K
  class space    used 11401K, capacity 12194K, committed 12236K, reserved 1048576K
}
Event: 20.667 GC heap before
{Heap before GC invocations=29 (full 0):
 garbage-first heap   total 225280K, used 101662K [0x0000000080000000, 0x0000000100000000)
  region size 1024K, 11 young (11264K), 9 survivors (9216K)
 Metaspace       used 91404K, capacity 93731K, committed 93900K, reserved 1130496K
  class space    used 11412K, capacity 12194K, committed 12236K, reserved 1048576K
}
Event: 20.678 GC heap after
{Heap after GC invocations=30 (full 0):
 garbage-first heap   total 225280K, used 93906K [0x0000000080000000, 0x0000000100000000)
  region size 1024K, 2 young (2048K), 2 survivors (2048K)
 Metaspace       used 91404K, capacity 93731K, committed 93900K, reserved 1130496K
  class space    used 11412K, capacity 12194K, committed 12236K, reserved 1048576K
}
Event: 21.245 GC heap before
{Heap before GC invocations=30 (full 0):
 garbage-first heap   total 225280K, used 167634K [0x0000000080000000, 0x0000000100000000)
  region size 1024K, 75 young (76800K), 2 survivors (2048K)
 Metaspace       used 93743K, capacity 96020K, committed 96332K, reserved 1132544K
  class space    used 11735K, capacity 12547K, committed 12620K, reserved 1048576K
}
Event: 21.251 GC heap after
{Heap after GC invocations=31 (full 0):
 garbage-first heap   total 225280K, used 94431K [0x0000000080000000, 0x0000000100000000)
  region size 1024K, 2 young (2048K), 2 survivors (2048K)
 Metaspace       used 93743K, capacity 96020K, committed 96332K, reserved 1132544K
  class space    used 11735K, capacity 12547K, committed 12620K, reserved 1048576K
}
Event: 24.249 GC heap before
{Heap before GC invocations=31 (full 0):
 garbage-first heap   total 225280K, used 175327K [0x0000000080000000, 0x0000000100000000)
  region size 1024K, 82 young (83968K), 2 survivors (2048K)
 Metaspace       used 96369K, capacity 98747K, committed 98892K, reserved 1134592K
  class space    used 12015K, capacity 12860K, committed 12876K, reserved 1048576K
}
Event: 24.257 GC heap after
{Heap after GC invocations=32 (full 0):
 garbage-first heap   total 225280K, used 99078K [0x0000000080000000, 0x0000000100000000)
  region size 1024K, 7 young (7168K), 7 survivors (7168K)
 Metaspace       used 96369K, capacity 98747K, committed 98892K, reserved 1134592K
  class space    used 12015K, capacity 12860K, committed 12876K, reserved 1048576K
}
Event: 26.227 GC heap before
{Heap before GC invocations=32 (full 0):
 garbage-first heap   total 225280K, used 178950K [0x0000000080000000, 0x0000000100000000)
  region size 1024K, 84 young (86016K), 7 survivors (7168K)
 Metaspace       used 103846K, capacity 106363K, committed 106572K, reserved 1142784K
  class space    used 12948K, capacity 13822K, committed 13900K, reserved 1048576K
}
Event: 26.243 GC heap after
{Heap after GC invocations=33 (full 0):
 garbage-first heap   total 225280K, used 111261K [0x0000000080000000, 0x0000000100000000)
  region size 1024K, 11 young (11264K), 11 survivors (11264K)
 Metaspace       used 103846K, capacity 106363K, committed 106572K, reserved 1142784K
  class space    used 12948K, capacity 13822K, committed 13900K, reserved 1048576K
}
Event: 26.761 GC heap before
{Heap before GC invocations=33 (full 0):
 garbage-first heap   total 225280K, used 144029K [0x0000000080000000, 0x0000000100000000)
  region size 1024K, 44 young (45056K), 11 survivors (11264K)
 Metaspace       used 105755K, capacity 108319K, committed 108620K, reserved 1144832K
  class space    used 13154K, capacity 14062K, committed 14156K, reserved 1048576K
}
Event: 26.777 GC heap after
{Heap after GC invocations=34 (full 0):
 garbage-first heap   total 225280K, used 115999K [0x0000000080000000, 0x0000000100000000)
  region size 1024K, 6 young (6144K), 6 survivors (6144K)
 Metaspace       used 105755K, capacity 108319K, committed 108620K, reserved 1144832K
  class space    used 13154K, capacity 14062K, committed 14156K, reserved 1048576K
}
Event: 27.322 GC heap before
{Heap before GC invocations=35 (full 0):
 garbage-first heap   total 225280K, used 169247K [0x0000000080000000, 0x0000000100000000)
  region size 1024K, 56 young (57344K), 6 survivors (6144K)
 Metaspace       used 110589K, capacity 113452K, committed 113484K, reserved 1148928K
  class space    used 13876K, capacity 14904K, committed 14924K, reserved 1048576K
}
Event: 27.337 GC heap after
{Heap after GC invocations=36 (full 0):
 garbage-first heap   total 225280K, used 124320K [0x0000000080000000, 0x0000000100000000)
  region size 1024K, 7 young (7168K), 7 survivors (7168K)
 Metaspace       used 110589K, capacity 113452K, committed 113484K, reserved 1148928K
  class space    used 13876K, capacity 14904K, committed 14924K, reserved 1048576K
}
Event: 27.403 GC heap before
{Heap before GC invocations=36 (full 0):
 garbage-first heap   total 225280K, used 127392K [0x0000000080000000, 0x0000000100000000)
  region size 1024K, 11 young (11264K), 7 survivors (7168K)
 Metaspace       used 111466K, capacity 114417K, committed 114508K, reserved 1148928K
  class space    used 14015K, capacity 15093K, committed 15180K, reserved 1048576K
}
Event: 27.416 GC heap after
{Heap after GC invocations=37 (full 0):
 garbage-first heap   total 225280K, used 118084K [0x0000000080000000, 0x0000000100000000)
  region size 1024K, 2 young (2048K), 2 survivors (2048K)
 Metaspace       used 111466K, capacity 114417K, committed 114508K, reserved 1148928K
  class space    used 14015K, capacity 15093K, committed 15180K, reserved 1048576K
}

