# JRE version: OpenJDK Runtime Environment (11.0.10) (build 11.0.10+0-b96-7249189)
# Java VM: OpenJDK 64-Bit Server VM (11.0.10+0-b96-7249189, mixed mode, tiered, compressed oops, g1 gc, windows-amd64)
Heap:
 garbage-first heap   total 470016K, used 164629K [0x0000000080000000, 0x0000000100000000)
  region size 1024K, 10 young (10240K), 3 survivors (3072K)
 Metaspace       used 158761K, capacity 163857K, committed 163968K, reserved 1191936K
  class space    used 19328K, capacity 21092K, committed 21120K, reserved 1048576K
GC Heap History (20 events):
Event: 118.612 GC heap before
{Heap before GC invocations=115 (full 0):
 garbage-first heap   total 470016K, used 355368K [0x0000000080000000, 0x0000000100000000)
  region size 1024K, 47 young (48128K), 8 survivors (8192K)
 Metaspace       used 153882K, capacity 158360K, committed 158592K, reserved 1187840K
  class space    used 18876K, capacity 20510K, committed 20608K, reserved 1048576K
}
Event: 118.620 GC heap after
{Heap after GC invocations=116 (full 0):
 garbage-first heap   total 470016K, used 299868K [0x0000000080000000, 0x0000000100000000)
  region size 1024K, 4 young (4096K), 4 survivors (4096K)
 Metaspace       used 153882K, capacity 158360K, committed 158592K, reserved 1187840K
  class space    used 18876K, capacity 20510K, committed 20608K, reserved 1048576K
}
Event: 129.587 GC heap before
{Heap before GC invocations=117 (full 0):
 garbage-first heap   total 470016K, used 328540K [0x0000000080000000, 0x0000000100000000)
  region size 1024K, 92 young (94208K), 4 survivors (4096K)
 Metaspace       used 156479K, capacity 161332K, committed 161536K, reserved 1189888K
  class space    used 19214K, capacity 20896K, committed 20992K, reserved 1048576K
}
Event: 129.614 GC heap after
{Heap after GC invocations=118 (full 0):
 garbage-first heap   total 470016K, used 215910K [0x0000000080000000, 0x0000000100000000)
  region size 1024K, 8 young (8192K), 8 survivors (8192K)
 Metaspace       used 156479K, capacity 161332K, committed 161536K, reserved 1189888K
  class space    used 19214K, capacity 20896K, committed 20992K, reserved 1048576K
}
Event: 129.801 GC heap before
{Heap before GC invocations=118 (full 0):
 garbage-first heap   total 470016K, used 229222K [0x0000000080000000, 0x0000000100000000)
  region size 1024K, 22 young (22528K), 8 survivors (8192K)
 Metaspace       used 156497K, capacity 161332K, committed 161536K, reserved 1189888K
  class space    used 19214K, capacity 20896K, committed 20992K, reserved 1048576K
}
Event: 129.818 GC heap after
{Heap after GC invocations=119 (full 0):
 garbage-first heap   total 470016K, used 171209K [0x0000000080000000, 0x0000000100000000)
  region size 1024K, 2 young (2048K), 2 survivors (2048K)
 Metaspace       used 156497K, capacity 161332K, committed 161536K, reserved 1189888K
  class space    used 19214K, capacity 20896K, committed 20992K, reserved 1048576K
}
Event: 130.119 GC heap before
{Heap before GC invocations=119 (full 0):
 garbage-first heap   total 470016K, used 191689K [0x0000000080000000, 0x0000000100000000)
  region size 1024K, 22 young (22528K), 2 survivors (2048K)
 Metaspace       used 156552K, capacity 161404K, committed 161536K, reserved 1189888K
  class space    used 19215K, capacity 20896K, committed 20992K, reserved 1048576K
}
Event: 130.133 GC heap after
{Heap after GC invocations=120 (full 0):
 garbage-first heap   total 470016K, used 166142K [0x0000000080000000, 0x0000000100000000)
  region size 1024K, 3 young (3072K), 3 survivors (3072K)
 Metaspace       used 156552K, capacity 161404K, committed 161536K, reserved 1189888K
  class space    used 19215K, capacity 20896K, committed 20992K, reserved 1048576K
}
Event: 213.972 GC heap before
{Heap before GC invocations=120 (full 0):
 garbage-first heap   total 470016K, used 346366K [0x0000000080000000, 0x0000000100000000)
  region size 1024K, 163 young (166912K), 3 survivors (3072K)
 Metaspace       used 157040K, capacity 161905K, committed 162048K, reserved 1189888K
  class space    used 19235K, capacity 20920K, committed 20992K, reserved 1048576K
}
Event: 213.986 GC heap after
{Heap after GC invocations=121 (full 0):
 garbage-first heap   total 470016K, used 175330K [0x0000000080000000, 0x0000000100000000)
  region size 1024K, 12 young (12288K), 12 survivors (12288K)
 Metaspace       used 157040K, capacity 161905K, committed 162048K, reserved 1189888K
  class space    used 19235K, capacity 20920K, committed 20992K, reserved 1048576K
}
Event: 861.177 GC heap before
{Heap before GC invocations=121 (full 0):
 garbage-first heap   total 470016K, used 310498K [0x0000000080000000, 0x0000000100000000)
  region size 1024K, 104 young (106496K), 12 survivors (12288K)
 Metaspace       used 157314K, capacity 162198K, committed 162304K, reserved 1189888K
  class space    used 19245K, capacity 20937K, committed 20992K, reserved 1048576K
}
Event: 861.271 GC heap after
{Heap after GC invocations=122 (full 0):
 garbage-first heap   total 470016K, used 193759K [0x0000000080000000, 0x0000000100000000)
  region size 1024K, 23 young (23552K), 23 survivors (23552K)
 Metaspace       used 157314K, capacity 162198K, committed 162304K, reserved 1189888K
  class space    used 19245K, capacity 20937K, committed 20992K, reserved 1048576K
}
Event: 1473.053 GC heap before
{Heap before GC invocations=123 (full 0):
 garbage-first heap   total 470016K, used 396511K [0x0000000080000000, 0x0000000100000000)
  region size 1024K, 185 young (189440K), 23 survivors (23552K)
 Metaspace       used 157778K, capacity 162724K, committed 162816K, reserved 1191936K
  class space    used 19256K, capacity 20965K, committed 20992K, reserved 1048576K
}
Event: 1473.067 GC heap after
{Heap after GC invocations=124 (full 0):
 garbage-first heap   total 470016K, used 172501K [0x0000000080000000, 0x0000000100000000)
  region size 1024K, 5 young (5120K), 5 survivors (5120K)
 Metaspace       used 157778K, capacity 162724K, committed 162816K, reserved 1191936K
  class space    used 19256K, capacity 20965K, committed 20992K, reserved 1048576K
}
Event: 1495.520 GC heap before
{Heap before GC invocations=124 (full 0):
 garbage-first heap   total 470016K, used 188885K [0x0000000080000000, 0x0000000100000000)
  region size 1024K, 22 young (22528K), 5 survivors (5120K)
 Metaspace       used 157988K, capacity 163030K, committed 163200K, reserved 1191936K
  class space    used 19285K, capacity 21019K, committed 21120K, reserved 1048576K
}
Event: 1495.544 GC heap after
{Heap after GC invocations=125 (full 0):
 garbage-first heap   total 470016K, used 155832K [0x0000000080000000, 0x0000000100000000)
  region size 1024K, 2 young (2048K), 2 survivors (2048K)
 Metaspace       used 157988K, capacity 163030K, committed 163200K, reserved 1191936K
  class space    used 19285K, capacity 21019K, committed 21120K, reserved 1048576K
}
Event: 1670.218 GC heap before
{Heap before GC invocations=125 (full 0):
 garbage-first heap   total 470016K, used 252088K [0x0000000080000000, 0x0000000100000000)
  region size 1024K, 98 young (100352K), 2 survivors (2048K)
 Metaspace       used 158377K, capacity 163463K, committed 163712K, reserved 1191936K
  class space    used 19316K, capacity 21051K, committed 21120K, reserved 1048576K
}
Event: 1670.283 GC heap after
{Heap after GC invocations=126 (full 0):
 garbage-first heap   total 470016K, used 170707K [0x0000000080000000, 0x0000000100000000)
  region size 1024K, 16 young (16384K), 16 survivors (16384K)
 Metaspace       used 158377K, capacity 163463K, committed 163712K, reserved 1191936K
  class space    used 19316K, capacity 21051K, committed 21120K, reserved 1048576K
}
Event: 1673.237 GC heap before
{Heap before GC invocations=127 (full 0):
 garbage-first heap   total 470016K, used 402131K [0x0000000080000000, 0x0000000100000000)
  region size 1024K, 217 young (222208K), 16 survivors (16384K)
 Metaspace       used 158658K, capacity 163752K, committed 163968K, reserved 1191936K
  class space    used 19319K, capacity 21057K, committed 21120K, reserved 1048576K
}
Event: 1673.262 GC heap after
{Heap after GC invocations=128 (full 0):
 garbage-first heap   total 470016K, used 166401K [0x0000000080000000, 0x0000000100000000)
  region size 1024K, 7 young (7168K), 7 survivors (7168K)
 Metaspace       used 158658K, capacity 163752K, committed 163968K, reserved 1191936K
  class space    used 19319K, capacity 21057K, committed 21120K, reserved 1048576K
}

