# JRE version: OpenJDK Runtime Environment (11.0.10) (build 11.0.10+0-b96-7249189)
# Java VM: OpenJDK 64-Bit Server VM (11.0.10+0-b96-7249189, mixed mode, tiered, compressed oops, g1 gc, windows-amd64)
Heap:
 garbage-first heap   total 476160K, used 194560K [0x0000000080000000, 0x0000000100000000)
  region size 1024K, 33 young (33792K), 3 survivors (3072K)
 Metaspace       used 95396K, capacity 97876K, committed 97920K, reserved 1134592K
  class space    used 12478K, capacity 13399K, committed 13440K, reserved 1048576K
GC Heap History (20 events):
Event: 52.086 GC heap before
{Heap before GC invocations=41 (full 0):
 garbage-first heap   total 129024K, used 118289K [0x0000000080000000, 0x0000000100000000)
  region size 1024K, 6 young (6144K), 1 survivors (1024K)
 Metaspace       used 90593K, capacity 92801K, committed 92928K, reserved 1130496K
  class space    used 11634K, capacity 12421K, committed 12544K, reserved 1048576K
}
Event: 52.098 GC heap after
{Heap after GC invocations=42 (full 0):
 garbage-first heap   total 129024K, used 116032K [0x0000000080000000, 0x0000000100000000)
  region size 1024K, 1 young (1024K), 1 survivors (1024K)
 Metaspace       used 90593K, capacity 92801K, committed 92928K, reserved 1130496K
  class space    used 11634K, capacity 12421K, committed 12544K, reserved 1048576K
}
Event: 52.262 GC heap before
{Heap before GC invocations=42 (full 0):
 garbage-first heap   total 129024K, used 121152K [0x0000000080000000, 0x0000000100000000)
  region size 1024K, 6 young (6144K), 1 survivors (1024K)
 Metaspace       used 90595K, capacity 92804K, committed 92928K, reserved 1130496K
  class space    used 11635K, capacity 12422K, committed 12544K, reserved 1048576K
}
Event: 52.275 GC heap after
{Heap after GC invocations=43 (full 0):
 garbage-first heap   total 155648K, used 118199K [0x0000000080000000, 0x0000000100000000)
  region size 1024K, 1 young (1024K), 1 survivors (1024K)
 Metaspace       used 90595K, capacity 92804K, committed 92928K, reserved 1130496K
  class space    used 11635K, capacity 12422K, committed 12544K, reserved 1048576K
}
Event: 52.434 GC heap before
{Heap before GC invocations=44 (full 0):
 garbage-first heap   total 155648K, used 126391K [0x0000000080000000, 0x0000000100000000)
  region size 1024K, 9 young (9216K), 1 survivors (1024K)
 Metaspace       used 90595K, capacity 92804K, committed 92928K, reserved 1130496K
  class space    used 11635K, capacity 12422K, committed 12544K, reserved 1048576K
}
Event: 52.446 GC heap after
{Heap after GC invocations=45 (full 0):
 garbage-first heap   total 155648K, used 121143K [0x0000000080000000, 0x0000000100000000)
  region size 1024K, 2 young (2048K), 2 survivors (2048K)
 Metaspace       used 90595K, capacity 92804K, committed 92928K, reserved 1130496K
  class space    used 11635K, capacity 12422K, committed 12544K, reserved 1048576K
}
Event: 52.469 GC heap before
{Heap before GC invocations=45 (full 0):
 garbage-first heap   total 155648K, used 122167K [0x0000000080000000, 0x0000000100000000)
  region size 1024K, 4 young (4096K), 2 survivors (2048K)
 Metaspace       used 90595K, capacity 92804K, committed 92928K, reserved 1130496K
  class space    used 11635K, capacity 12422K, committed 12544K, reserved 1048576K
}
Event: 52.482 GC heap after
{Heap after GC invocations=46 (full 0):
 garbage-first heap   total 155648K, used 122063K [0x0000000080000000, 0x0000000100000000)
  region size 1024K, 1 young (1024K), 1 survivors (1024K)
 Metaspace       used 90595K, capacity 92804K, committed 92928K, reserved 1130496K
  class space    used 11635K, capacity 12422K, committed 12544K, reserved 1048576K
}
Event: 52.988 GC heap before
{Heap before GC invocations=47 (full 0):
 garbage-first heap   total 155648K, used 130255K [0x0000000080000000, 0x0000000100000000)
  region size 1024K, 7 young (7168K), 1 survivors (1024K)
 Metaspace       used 90595K, capacity 92804K, committed 92928K, reserved 1130496K
  class space    used 11635K, capacity 12422K, committed 12544K, reserved 1048576K
}
Event: 53.004 GC heap after
{Heap after GC invocations=48 (full 0):
 garbage-first heap   total 155648K, used 126486K [0x0000000080000000, 0x0000000100000000)
  region size 1024K, 1 young (1024K), 1 survivors (1024K)
 Metaspace       used 90595K, capacity 92804K, committed 92928K, reserved 1130496K
  class space    used 11635K, capacity 12422K, committed 12544K, reserved 1048576K
}
Event: 53.338 GC heap before
{Heap before GC invocations=48 (full 0):
 garbage-first heap   total 155648K, used 131606K [0x0000000080000000, 0x0000000100000000)
  region size 1024K, 7 young (7168K), 1 survivors (1024K)
 Metaspace       used 92143K, capacity 94379K, committed 94592K, reserved 1130496K
  class space    used 12046K, capacity 12843K, committed 12928K, reserved 1048576K
}
Event: 53.354 GC heap after
{Heap after GC invocations=49 (full 0):
 garbage-first heap   total 244736K, used 127712K [0x0000000080000000, 0x0000000100000000)
  region size 1024K, 1 young (1024K), 1 survivors (1024K)
 Metaspace       used 92143K, capacity 94379K, committed 94592K, reserved 1130496K
  class space    used 12046K, capacity 12843K, committed 12928K, reserved 1048576K
}
Event: 54.507 GC heap before
{Heap before GC invocations=50 (full 0):
 garbage-first heap   total 244736K, used 159456K [0x0000000080000000, 0x0000000100000000)
  region size 1024K, 32 young (32768K), 1 survivors (1024K)
 Metaspace       used 92843K, capacity 95085K, committed 95360K, reserved 1132544K
  class space    used 12102K, capacity 12905K, committed 12928K, reserved 1048576K
}
Event: 54.541 GC heap after
{Heap after GC invocations=51 (full 0):
 garbage-first heap   total 244736K, used 142878K [0x0000000080000000, 0x0000000100000000)
  region size 1024K, 4 young (4096K), 4 survivors (4096K)
 Metaspace       used 92843K, capacity 95085K, committed 95360K, reserved 1132544K
  class space    used 12102K, capacity 12905K, committed 12928K, reserved 1048576K
}
Event: 54.865 GC heap before
{Heap before GC invocations=51 (full 0):
 garbage-first heap   total 244736K, used 170526K [0x0000000080000000, 0x0000000100000000)
  region size 1024K, 31 young (31744K), 4 survivors (4096K)
 Metaspace       used 92860K, capacity 95088K, committed 95360K, reserved 1132544K
  class space    used 12102K, capacity 12905K, committed 12928K, reserved 1048576K
}
Event: 54.906 GC heap after
{Heap after GC invocations=52 (full 0):
 garbage-first heap   total 244736K, used 157345K [0x0000000080000000, 0x0000000100000000)
  region size 1024K, 4 young (4096K), 4 survivors (4096K)
 Metaspace       used 92860K, capacity 95088K, committed 95360K, reserved 1132544K
  class space    used 12102K, capacity 12905K, committed 12928K, reserved 1048576K
}
Event: 55.938 GC heap before
{Heap before GC invocations=53 (full 0):
 garbage-first heap   total 244736K, used 179873K [0x0000000080000000, 0x0000000100000000)
  region size 1024K, 27 young (27648K), 4 survivors (4096K)
 Metaspace       used 92946K, capacity 95220K, committed 95360K, reserved 1132544K
  class space    used 12108K, capacity 12906K, committed 12928K, reserved 1048576K
}
Event: 55.970 GC heap after
{Heap after GC invocations=54 (full 0):
 garbage-first heap   total 244736K, used 170295K [0x0000000080000000, 0x0000000100000000)
  region size 1024K, 4 young (4096K), 4 survivors (4096K)
 Metaspace       used 92946K, capacity 95220K, committed 95360K, reserved 1132544K
  class space    used 12108K, capacity 12906K, committed 12928K, reserved 1048576K
}
Event: 56.698 GC heap before
{Heap before GC invocations=54 (full 0):
 garbage-first heap   total 244736K, used 188727K [0x0000000080000000, 0x0000000100000000)
  region size 1024K, 23 young (23552K), 4 survivors (4096K)
 Metaspace       used 94691K, capacity 97060K, committed 97280K, reserved 1132544K
  class space    used 12365K, capacity 13217K, committed 13312K, reserved 1048576K
}
Event: 56.735 GC heap after
{Heap after GC invocations=55 (full 0):
 garbage-first heap   total 476160K, used 174080K [0x0000000080000000, 0x0000000100000000)
  region size 1024K, 3 young (3072K), 3 survivors (3072K)
 Metaspace       used 94691K, capacity 97060K, committed 97280K, reserved 1132544K
  class space    used 12365K, capacity 13217K, committed 13312K, reserved 1048576K
}

