# JRE version: OpenJDK Runtime Environment (11.0.10) (build 11.0.10+0-b96-7249189)
# Java VM: OpenJDK 64-Bit Server VM (11.0.10+0-b96-7249189, mixed mode, tiered, compressed oops, g1 gc, windows-amd64)
Heap:
 garbage-first heap   total 225280K, used 141434K [0x0000000080000000, 0x0000000100000000)
  region size 1024K, 17 young (17408K), 1 survivors (1024K)
 Metaspace       used 115779K, capacity 119452K, committed 119724K, reserved 1153024K
  class space    used 14509K, capacity 15800K, committed 15872K, reserved 1048576K
GC Heap History (20 events):
Event: 24.169 GC heap before
{Heap before GC invocations=31 (full 0):
 garbage-first heap   total 187392K, used 153618K [0x0000000080000000, 0x0000000100000000)
  region size 1024K, 60 young (61440K), 7 survivors (7168K)
 Metaspace       used 97536K, capacity 100360K, committed 100524K, reserved 1136640K
  class space    used 12529K, capacity 13550K, committed 13568K, reserved 1048576K
}
Event: 24.181 GC heap after
{Heap after GC invocations=32 (full 0):
 garbage-first heap   total 187392K, used 103161K [0x0000000080000000, 0x0000000100000000)
  region size 1024K, 7 young (7168K), 7 survivors (7168K)
 Metaspace       used 97536K, capacity 100360K, committed 100524K, reserved 1136640K
  class space    used 12529K, capacity 13550K, committed 13568K, reserved 1048576K
}
Event: 26.673 GC heap before
{Heap before GC invocations=32 (full 0):
 garbage-first heap   total 187392K, used 155385K [0x0000000080000000, 0x0000000100000000)
  region size 1024K, 59 young (60416K), 7 survivors (7168K)
 Metaspace       used 104597K, capacity 107444K, committed 107564K, reserved 1142784K
  class space    used 13435K, capacity 14451K, committed 14464K, reserved 1048576K
}
Event: 26.688 GC heap after
{Heap after GC invocations=33 (full 0):
 garbage-first heap   total 187392K, used 107213K [0x0000000080000000, 0x0000000100000000)
  region size 1024K, 7 young (7168K), 7 survivors (7168K)
 Metaspace       used 104597K, capacity 107444K, committed 107564K, reserved 1142784K
  class space    used 13435K, capacity 14451K, committed 14464K, reserved 1048576K
}
Event: 27.954 GC heap before
{Heap before GC invocations=34 (full 0):
 garbage-first heap   total 187392K, used 156365K [0x0000000080000000, 0x0000000100000000)
  region size 1024K, 56 young (57344K), 7 survivors (7168K)
 Metaspace       used 109385K, capacity 112568K, committed 112684K, reserved 1146880K
  class space    used 14013K, capacity 15165K, committed 15232K, reserved 1048576K
}
Event: 27.974 GC heap after
{Heap after GC invocations=35 (full 0):
 garbage-first heap   total 225280K, used 109048K [0x0000000080000000, 0x0000000100000000)
  region size 1024K, 3 young (3072K), 3 survivors (3072K)
 Metaspace       used 109385K, capacity 112568K, committed 112684K, reserved 1146880K
  class space    used 14013K, capacity 15165K, committed 15232K, reserved 1048576K
}
Event: 83.520 GC heap before
{Heap before GC invocations=35 (full 0):
 garbage-first heap   total 225280K, used 176632K [0x0000000080000000, 0x0000000100000000)
  region size 1024K, 70 young (71680K), 3 survivors (3072K)
 Metaspace       used 111199K, capacity 114558K, committed 114604K, reserved 1148928K
  class space    used 14139K, capacity 15352K, committed 15360K, reserved 1048576K
}
Event: 83.542 GC heap after
{Heap after GC invocations=36 (full 0):
 garbage-first heap   total 225280K, used 111570K [0x0000000080000000, 0x0000000100000000)
  region size 1024K, 6 young (6144K), 6 survivors (6144K)
 Metaspace       used 111199K, capacity 114558K, committed 114604K, reserved 1148928K
  class space    used 14139K, capacity 15352K, committed 15360K, reserved 1048576K
}
Event: 86.129 GC heap before
{Heap before GC invocations=37 (full 0):
 garbage-first heap   total 225280K, used 180178K [0x0000000080000000, 0x0000000100000000)
  region size 1024K, 73 young (74752K), 6 survivors (6144K)
 Metaspace       used 111460K, capacity 114575K, committed 115372K, reserved 1148928K
  class space    used 14042K, capacity 15130K, committed 15360K, reserved 1048576K
}
Event: 86.152 GC heap after
{Heap after GC invocations=38 (full 0):
 garbage-first heap   total 225280K, used 116880K [0x0000000080000000, 0x0000000100000000)
  region size 1024K, 10 young (10240K), 10 survivors (10240K)
 Metaspace       used 111460K, capacity 114575K, committed 115372K, reserved 1148928K
  class space    used 14042K, capacity 15130K, committed 15360K, reserved 1048576K
}
Event: 290.545 GC heap before
{Heap before GC invocations=38 (full 0):
 garbage-first heap   total 225280K, used 183440K [0x0000000080000000, 0x0000000100000000)
  region size 1024K, 75 young (76800K), 10 survivors (10240K)
 Metaspace       used 111922K, capacity 115176K, committed 115756K, reserved 1148928K
  class space    used 14074K, capacity 15206K, committed 15488K, reserved 1048576K
}
Event: 290.570 GC heap after
{Heap after GC invocations=39 (full 0):
 garbage-first heap   total 225280K, used 120167K [0x0000000080000000, 0x0000000100000000)
  region size 1024K, 4 young (4096K), 4 survivors (4096K)
 Metaspace       used 111922K, capacity 115176K, committed 115756K, reserved 1148928K
  class space    used 14074K, capacity 15206K, committed 15488K, reserved 1048576K
}
Event: 293.937 GC heap before
{Heap before GC invocations=40 (full 0):
 garbage-first heap   total 225280K, used 184679K [0x0000000080000000, 0x0000000100000000)
  region size 1024K, 68 young (69632K), 4 survivors (4096K)
 Metaspace       used 112471K, capacity 115920K, committed 116268K, reserved 1150976K
  class space    used 14102K, capacity 15296K, committed 15488K, reserved 1048576K
}
Event: 293.949 GC heap after
{Heap after GC invocations=41 (full 0):
 garbage-first heap   total 225280K, used 124745K [0x0000000080000000, 0x0000000100000000)
  region size 1024K, 8 young (8192K), 8 survivors (8192K)
 Metaspace       used 112471K, capacity 115920K, committed 116268K, reserved 1150976K
  class space    used 14102K, capacity 15296K, committed 15488K, reserved 1048576K
}
Event: 1131.634 GC heap before
{Heap before GC invocations=41 (full 0):
 garbage-first heap   total 225280K, used 187209K [0x0000000080000000, 0x0000000100000000)
  region size 1024K, 70 young (71680K), 8 survivors (8192K)
 Metaspace       used 113765K, capacity 117312K, committed 117676K, reserved 1150976K
  class space    used 14236K, capacity 15489K, committed 15616K, reserved 1048576K
}
Event: 1131.665 GC heap after
{Heap after GC invocations=42 (full 0):
 garbage-first heap   total 225280K, used 129716K [0x0000000080000000, 0x0000000100000000)
  region size 1024K, 6 young (6144K), 6 survivors (6144K)
 Metaspace       used 113765K, capacity 117312K, committed 117676K, reserved 1150976K
  class space    used 14236K, capacity 15489K, committed 15616K, reserved 1048576K
}
Event: 1151.801 GC heap before
{Heap before GC invocations=43 (full 0):
 garbage-first heap   total 225280K, used 185012K [0x0000000080000000, 0x0000000100000000)
  region size 1024K, 63 young (64512K), 6 survivors (6144K)
 Metaspace       used 115638K, capacity 119267K, committed 119468K, reserved 1153024K
  class space    used 14504K, capacity 15791K, committed 15872K, reserved 1048576K
}
Event: 1151.813 GC heap after
{Heap after GC invocations=44 (full 0):
 garbage-first heap   total 225280K, used 127692K [0x0000000080000000, 0x0000000100000000)
  region size 1024K, 5 young (5120K), 5 survivors (5120K)
 Metaspace       used 115638K, capacity 119267K, committed 119468K, reserved 1153024K
  class space    used 14504K, capacity 15791K, committed 15872K, reserved 1048576K
}
Event: 1151.950 GC heap before
{Heap before GC invocations=44 (full 0):
 garbage-first heap   total 225280K, used 132812K [0x0000000080000000, 0x0000000100000000)
  region size 1024K, 11 young (11264K), 5 survivors (5120K)
 Metaspace       used 115644K, capacity 119267K, committed 119468K, reserved 1153024K
  class space    used 14504K, capacity 15791K, committed 15872K, reserved 1048576K
}
Event: 1151.959 GC heap after
{Heap after GC invocations=45 (full 0):
 garbage-first heap   total 225280K, used 126074K [0x0000000080000000, 0x0000000100000000)
  region size 1024K, 1 young (1024K), 1 survivors (1024K)
 Metaspace       used 115644K, capacity 119267K, committed 119468K, reserved 1153024K
  class space    used 14504K, capacity 15791K, committed 15872K, reserved 1048576K
}

